=========================================
Date & Time : Mon Jul 13 03:46:17 PM IST 2026
CPU Usage   : 21.4%
Memory Usage: 54.4%
Disk Usage  : 19%
IP Address  : 192.168.11.132
=========================================

=========================================
Date & Time : Mon Jul 13 03:52:50 PM IST 2026
CPU Usage   : 20.7%
Memory Usage: 54.6%
Disk Usage  : 19%
IP Address  : 192.168.11.132
=========================================

=========================================
Date & Time : Mon Jul 13 03:58:09 PM IST 2026
CPU Usage   : 25%
Memory Usage: 54.9%
Disk Usage  : 19%
IP Address  : 192.168.11.132
=========================================

